<?xml version="1.0" encoding="UTF-8"?>
<!-- Generated by org.testng.reporters.JUnitXMLReporter -->
<testsuite ignored="0" hostname="MacBook-Air-de-Jorge.local" failures="0" tests="85" name="Command line test" time="0.748" errors="0" timestamp="2021-09-15T12:19:11 PET">
  <testcase classname="is.lab01.EjemploVehiculoTest" name="Test01" time="0.056"/>
  <testcase classname="is.lab01.EjemploVehiculoTest" name="Test02" time="0.013"/>
  <testcase classname="is.lab01.EjemploVehiculoTest" name="Test03" time="0.0"/>
  <testcase classname="is.lab01.CamionTest" name="Test01_fuelCantidad_Fail" time="0.003"/>
  <testcase classname="is.lab01.CamionTest" name="Test01_fuelCantidad_OK" time="0.035"/>
  <testcase classname="is.lab01.CamionTest" name="Test02_Stress" time="0.001"/>
  <testcase classname="is.lab01.CamionTest" name="Test02_Stress" time="0.001"/>
  <testcase classname="is.lab01.CamionTest" name="Test02_Stress" time="0.001"/>
  <testcase classname="is.lab01.CamionTest" name="Test02_Stress" time="0.001"/>
  <testcase classname="is.lab01.CamionTest" name="Test02_Stress" time="0.0"/>
  <testcase classname="is.lab01.CamionTest" name="Test02_Stress" time="0.001"/>
  <testcase classname="is.lab01.CamionTest" name="Test02_Stress" time="0.001"/>
  <testcase classname="is.lab01.CamionTest" name="Test02_Stress" time="0.0"/>
  <testcase classname="is.lab01.CamionTest" name="Test02_Stress" time="0.001"/>
  <testcase classname="is.lab01.CamionTest" name="Test02_Stress" time="0.001"/>
  <testcase classname="is.lab01.CamionTest" name="Test02_Stress" time="0.0"/>
  <testcase classname="is.lab01.CamionTest" name="Test02_Stress" time="0.004"/>
  <testcase classname="is.lab01.CamionTest" name="Test02_Stress" time="0.0"/>
  <testcase classname="is.lab01.CamionTest" name="Test02_Stress" time="0.0"/>
  <testcase classname="is.lab01.CamionTest" name="Test02_Stress" time="0.0"/>
  <testcase classname="is.lab01.CamionTest" name="Test02_Stress" time="0.002"/>
  <testcase classname="is.lab01.CamionTest" name="Test02_Stress" time="0.001"/>
  <testcase classname="is.lab01.CamionTest" name="Test02_Stress" time="0.001"/>
  <testcase classname="is.lab01.CamionTest" name="Test02_Stress" time="0.001"/>
  <testcase classname="is.lab01.CamionTest" name="Test02_Stress" time="0.0"/>
  <testcase classname="is.lab01.CamionTest" name="Test02_Stress" time="0.0"/>
  <testcase classname="is.lab01.CamionTest" name="Test02_Stress" time="0.0"/>
  <testcase classname="is.lab01.CamionTest" name="Test02_Stress" time="0.001"/>
  <testcase classname="is.lab01.CamionTest" name="Test02_Stress" time="0.0"/>
  <testcase classname="is.lab01.CamionTest" name="Test02_Stress" time="0.0"/>
  <testcase classname="is.lab01.CamionTest" name="Test02_Stress" time="0.0"/>
  <testcase classname="is.lab01.CamionTest" name="Test02_Stress" time="0.0"/>
  <testcase classname="is.lab01.CamionTest" name="Test02_Stress" time="0.0"/>
  <testcase classname="is.lab01.CamionTest" name="Test02_Stress" time="0.0"/>
  <testcase classname="is.lab01.CamionTest" name="Test02_Stress" time="0.001"/>
  <testcase classname="is.lab01.CamionTest" name="Test02_Stress" time="0.0"/>
  <testcase classname="is.lab01.CamionTest" name="Test02_Stress" time="0.0"/>
  <testcase classname="is.lab01.CamionTest" name="Test02_Stress" time="0.001"/>
  <testcase classname="is.lab01.CamionTest" name="Test02_Stress" time="0.001"/>
  <testcase classname="is.lab01.CamionTest" name="Test02_Stress" time="0.0"/>
  <testcase classname="is.lab01.CamionTest" name="Test02_Stress" time="0.0"/>
  <testcase classname="is.lab01.CamionTest" name="Test02_Stress" time="0.0"/>
  <testcase classname="is.lab01.CamionTest" name="Test02_Stress" time="0.0"/>
  <testcase classname="is.lab01.CamionTest" name="Test02_Stress" time="0.001"/>
  <testcase classname="is.lab01.CamionTest" name="Test02_Stress" time="0.0"/>
  <testcase classname="is.lab01.CamionTest" name="Test02_Stress" time="0.0"/>
  <testcase classname="is.lab01.CamionTest" name="Test02_Stress" time="0.001"/>
  <testcase classname="is.lab01.CamionTest" name="Test02_Stress" time="0.0"/>
  <testcase classname="is.lab01.CamionTest" name="Test02_Stress" time="0.001"/>
  <testcase classname="is.lab01.CamionTest" name="Test02_Stress" time="0.001"/>
  <testcase classname="is.lab01.CamionTest" name="Test02_Stress" time="0.0"/>
  <testcase classname="is.lab01.CamionTest" name="Test02_Stress" time="0.0"/>
  <testcase classname="is.lab01.CamionTest" name="Test02_Stress" time="0.001"/>
  <testcase classname="is.lab01.CamionTest" name="Test02_Stress" time="0.0"/>
  <testcase classname="is.lab01.CamionTest" name="Test02_Stress" time="0.0"/>
  <testcase classname="is.lab01.CamionTest" name="Test02_Stress" time="0.001"/>
  <testcase classname="is.lab01.CamionTest" name="Test02_Stress" time="0.0"/>
  <testcase classname="is.lab01.CamionTest" name="Test02_Stress" time="0.0"/>
  <testcase classname="is.lab01.CamionTest" name="Test02_Stress" time="0.0"/>
  <testcase classname="is.lab01.CamionTest" name="Test02_Stress" time="0.001"/>
  <testcase classname="is.lab01.CamionTest" name="Test02_Stress" time="0.0"/>
  <testcase classname="is.lab01.CamionTest" name="Test02_Stress" time="0.0"/>
  <testcase classname="is.lab01.CamionTest" name="Test02_Stress" time="0.001"/>
  <testcase classname="is.lab01.CamionTest" name="Test02_Stress" time="0.0"/>
  <testcase classname="is.lab01.CamionTest" name="Test02_Stress" time="0.0"/>
  <testcase classname="is.lab01.CamionTest" name="Test02_Stress" time="0.001"/>
  <testcase classname="is.lab01.CamionTest" name="Test02_Stress" time="0.002"/>
  <testcase classname="is.lab01.CamionTest" name="Test02_Stress" time="0.001"/>
  <testcase classname="is.lab01.CamionTest" name="Test02_Stress" time="0.003"/>
  <testcase classname="is.lab01.CamionTest" name="Test02_Stress" time="0.0"/>
  <testcase classname="is.lab01.CamionTest" name="Test02_Stress" time="0.001"/>
  <testcase classname="is.lab01.CamionTest" name="Test02_Stress" time="0.0"/>
  <testcase classname="is.lab01.CamionTest" name="Test02_Stress" time="0.001"/>
  <testcase classname="is.lab01.CamionTest" name="Test02_Stress" time="0.001"/>
  <testcase classname="is.lab01.CamionTest" name="Test02_Stress" time="0.0"/>
  <testcase classname="is.lab01.CamionTest" name="Test02_Stress" time="0.001"/>
  <testcase classname="is.lab01.CamionTest" name="Test02_Stress" time="0.0"/>
  <testcase classname="is.lab01.CamionTest" name="Test02_Stress" time="0.0"/>
  <testcase classname="is.lab01.CamionTest" name="Test02_Stress" time="0.0"/>
  <testcase classname="is.lab01.CamionTest" name="Test02_Stress" time="0.0"/>
  <testcase classname="is.lab01.CamionTest" name="Test02_Stress" time="0.001"/>
  <testcase classname="is.lab01.CamionTest" name="Test02_Stress" time="0.0"/>
  <testcase classname="is.lab01.CamionTest" name="Test02_Stress" time="0.0"/>
  <testcase classname="is.lab01.CamionTest" name="Test02_Stress" time="0.001"/>
  <testcase classname="is.lab01.CamionTest" name="Test02_Stress" time="0.0"/>
</testsuite> <!-- Command line test -->
