<?xml version="1.0" encoding="UTF-8"?>
<!-- Generated by org.testng.reporters.JUnitXMLReporter -->
<testsuite ignored="0" hostname="MacBook-Air-de-Jorge.local" failures="0" tests="83" name="Command line test" time="0.519" errors="0" timestamp="2021-09-15T12:04:04 PET">
  <testcase classname="is.lab01.EjemploVehiculoTest" name="Test01" time="0.058"/>
  <testcase classname="is.lab01.CamionTest" name="Test01_fuelCantidad_Fail" time="0.003"/>
  <testcase classname="is.lab01.CamionTest" name="Test01_fuelCantidad_OK" time="0.023"/>
  <testcase classname="is.lab01.CamionTest" name="Test02_Stress" time="0.001"/>
  <testcase classname="is.lab01.CamionTest" name="Test02_Stress" time="0.001"/>
  <testcase classname="is.lab01.CamionTest" name="Test02_Stress" time="0.001"/>
  <testcase classname="is.lab01.CamionTest" name="Test02_Stress" time="0.0"/>
  <testcase classname="is.lab01.CamionTest" name="Test02_Stress" time="0.0"/>
  <testcase classname="is.lab01.CamionTest" name="Test02_Stress" time="0.0"/>
  <testcase classname="is.lab01.CamionTest" name="Test02_Stress" time="0.001"/>
  <testcase classname="is.lab01.CamionTest" name="Test02_Stress" time="0.001"/>
  <testcase classname="is.lab01.CamionTest" name="Test02_Stress" time="0.001"/>
  <testcase classname="is.lab01.CamionTest" name="Test02_Stress" time="0.0"/>
  <testcase classname="is.lab01.CamionTest" name="Test02_Stress" time="0.001"/>
  <testcase classname="is.lab01.CamionTest" name="Test02_Stress" time="0.0"/>
  <testcase classname="is.lab01.CamionTest" name="Test02_Stress" time="0.0"/>
  <testcase classname="is.lab01.CamionTest" name="Test02_Stress" time="0.0"/>
  <testcase classname="is.lab01.CamionTest" name="Test02_Stress" time="0.0"/>
  <testcase classname="is.lab01.CamionTest" name="Test02_Stress" time="0.001"/>
  <testcase classname="is.lab01.CamionTest" name="Test02_Stress" time="0.001"/>
  <testcase classname="is.lab01.CamionTest" name="Test02_Stress" time="0.0"/>
  <testcase classname="is.lab01.CamionTest" name="Test02_Stress" time="0.001"/>
  <testcase classname="is.lab01.CamionTest" name="Test02_Stress" time="0.001"/>
  <testcase classname="is.lab01.CamionTest" name="Test02_Stress" time="0.001"/>
  <testcase classname="is.lab01.CamionTest" name="Test02_Stress" time="0.001"/>
  <testcase classname="is.lab01.CamionTest" name="Test02_Stress" time="0.0"/>
  <testcase classname="is.lab01.CamionTest" name="Test02_Stress" time="0.0"/>
  <testcase classname="is.lab01.CamionTest" name="Test02_Stress" time="0.0"/>
  <testcase classname="is.lab01.CamionTest" name="Test02_Stress" time="0.001"/>
  <testcase classname="is.lab01.CamionTest" name="Test02_Stress" time="0.0"/>
  <testcase classname="is.lab01.CamionTest" name="Test02_Stress" time="0.001"/>
  <testcase classname="is.lab01.CamionTest" name="Test02_Stress" time="0.0"/>
  <testcase classname="is.lab01.CamionTest" name="Test02_Stress" time="0.001"/>
  <testcase classname="is.lab01.CamionTest" name="Test02_Stress" time="0.001"/>
  <testcase classname="is.lab01.CamionTest" name="Test02_Stress" time="0.0"/>
  <testcase classname="is.lab01.CamionTest" name="Test02_Stress" time="0.0"/>
  <testcase classname="is.lab01.CamionTest" name="Test02_Stress" time="0.001"/>
  <testcase classname="is.lab01.CamionTest" name="Test02_Stress" time="0.001"/>
  <testcase classname="is.lab01.CamionTest" name="Test02_Stress" time="0.001"/>
  <testcase classname="is.lab01.CamionTest" name="Test02_Stress" time="0.0"/>
  <testcase classname="is.lab01.CamionTest" name="Test02_Stress" time="0.001"/>
  <testcase classname="is.lab01.CamionTest" name="Test02_Stress" time="0.001"/>
  <testcase classname="is.lab01.CamionTest" name="Test02_Stress" time="0.0"/>
  <testcase classname="is.lab01.CamionTest" name="Test02_Stress" time="0.001"/>
  <testcase classname="is.lab01.CamionTest" name="Test02_Stress" time="0.0"/>
  <testcase classname="is.lab01.CamionTest" name="Test02_Stress" time="0.001"/>
  <testcase classname="is.lab01.CamionTest" name="Test02_Stress" time="0.0"/>
  <testcase classname="is.lab01.CamionTest" name="Test02_Stress" time="0.0"/>
  <testcase classname="is.lab01.CamionTest" name="Test02_Stress" time="0.001"/>
  <testcase classname="is.lab01.CamionTest" name="Test02_Stress" time="0.001"/>
  <testcase classname="is.lab01.CamionTest" name="Test02_Stress" time="0.0"/>
  <testcase classname="is.lab01.CamionTest" name="Test02_Stress" time="0.0"/>
  <testcase classname="is.lab01.CamionTest" name="Test02_Stress" time="0.0"/>
  <testcase classname="is.lab01.CamionTest" name="Test02_Stress" time="0.001"/>
  <testcase classname="is.lab01.CamionTest" name="Test02_Stress" time="0.0"/>
  <testcase classname="is.lab01.CamionTest" name="Test02_Stress" time="0.0"/>
  <testcase classname="is.lab01.CamionTest" name="Test02_Stress" time="0.001"/>
  <testcase classname="is.lab01.CamionTest" name="Test02_Stress" time="0.0"/>
  <testcase classname="is.lab01.CamionTest" name="Test02_Stress" time="0.0"/>
  <testcase classname="is.lab01.CamionTest" name="Test02_Stress" time="0.0"/>
  <testcase classname="is.lab01.CamionTest" name="Test02_Stress" time="0.0"/>
  <testcase classname="is.lab01.CamionTest" name="Test02_Stress" time="0.0"/>
  <testcase classname="is.lab01.CamionTest" name="Test02_Stress" time="0.001"/>
  <testcase classname="is.lab01.CamionTest" name="Test02_Stress" time="0.0"/>
  <testcase classname="is.lab01.CamionTest" name="Test02_Stress" time="0.0"/>
  <testcase classname="is.lab01.CamionTest" name="Test02_Stress" time="0.0"/>
  <testcase classname="is.lab01.CamionTest" name="Test02_Stress" time="0.0"/>
  <testcase classname="is.lab01.CamionTest" name="Test02_Stress" time="0.001"/>
  <testcase classname="is.lab01.CamionTest" name="Test02_Stress" time="0.0"/>
  <testcase classname="is.lab01.CamionTest" name="Test02_Stress" time="0.001"/>
  <testcase classname="is.lab01.CamionTest" name="Test02_Stress" time="0.0"/>
  <testcase classname="is.lab01.CamionTest" name="Test02_Stress" time="0.0"/>
  <testcase classname="is.lab01.CamionTest" name="Test02_Stress" time="0.001"/>
  <testcase classname="is.lab01.CamionTest" name="Test02_Stress" time="0.0"/>
  <testcase classname="is.lab01.CamionTest" name="Test02_Stress" time="0.001"/>
  <testcase classname="is.lab01.CamionTest" name="Test02_Stress" time="0.001"/>
  <testcase classname="is.lab01.CamionTest" name="Test02_Stress" time="0.0"/>
  <testcase classname="is.lab01.CamionTest" name="Test02_Stress" time="0.0"/>
  <testcase classname="is.lab01.CamionTest" name="Test02_Stress" time="0.0"/>
  <testcase classname="is.lab01.CamionTest" name="Test02_Stress" time="0.001"/>
  <testcase classname="is.lab01.CamionTest" name="Test02_Stress" time="0.0"/>
  <testcase classname="is.lab01.CamionTest" name="Test02_Stress" time="0.001"/>
  <testcase classname="is.lab01.CamionTest" name="Test02_Stress" time="0.001"/>
</testsuite> <!-- Command line test -->
