<?xml version="1.0" encoding="UTF-8"?>
<testng-results ignored="0" total="85" passed="85" failed="0" skipped="0">
  <reporter-output>
  </reporter-output>
  <suite started-at="2021-09-15T12:19:10 PET" name="Command line suite" finished-at="2021-09-15T12:19:11 PET" duration-ms="748">
    <groups>
    </groups>
    <test started-at="2021-09-15T12:19:10 PET" name="Command line test" finished-at="2021-09-15T12:19:11 PET" duration-ms="748">
      <class name="is.lab01.EjemploVehiculoTest">
        <test-method signature="Test01()[pri:0, instance:is.lab01.EjemploVehiculoTest@1c9b0314]" started-at="2021-09-15T12:19:10 PET" name="Test01" finished-at="2021-09-15T12:19:11 PET" duration-ms="56" status="PASS">
          <reporter-output>
          </reporter-output>
        </test-method> <!-- Test01 -->
        <test-method signature="Test02()[pri:0, instance:is.lab01.EjemploVehiculoTest@1c9b0314]" started-at="2021-09-15T12:19:11 PET" name="Test02" finished-at="2021-09-15T12:19:11 PET" duration-ms="13" status="PASS">
          <reporter-output>
          </reporter-output>
        </test-method> <!-- Test02 -->
        <test-method signature="Test03()[pri:0, instance:is.lab01.EjemploVehiculoTest@1c9b0314]" started-at="2021-09-15T12:19:11 PET" name="Test03" finished-at="2021-09-15T12:19:11 PET" duration-ms="0" status="PASS">
          <reporter-output>
          </reporter-output>
        </test-method> <!-- Test03 -->
      </class> <!-- is.lab01.EjemploVehiculoTest -->
      <class name="is.lab01.CamionTest">
        <test-method signature="Test01_fuelCantidad_Fail()[pri:0, instance:is.lab01.CamionTest@45385f75]" started-at="2021-09-15T12:19:11 PET" name="Test01_fuelCantidad_Fail" finished-at="2021-09-15T12:19:11 PET" duration-ms="3" status="PASS">
          <reporter-output>
          </reporter-output>
        </test-method> <!-- Test01_fuelCantidad_Fail -->
        <test-method signature="Test01_fuelCantidad_OK()[pri:0, instance:is.lab01.CamionTest@45385f75]" started-at="2021-09-15T12:19:11 PET" name="Test01_fuelCantidad_OK" finished-at="2021-09-15T12:19:11 PET" duration-ms="35" status="PASS">
          <reporter-output>
          </reporter-output>
        </test-method> <!-- Test01_fuelCantidad_OK -->
        <test-method signature="Test02_Stress()[pri:0, instance:is.lab01.CamionTest@45385f75]" started-at="2021-09-15T12:19:11 PET" name="Test02_Stress" finished-at="2021-09-15T12:19:11 PET" duration-ms="1" status="PASS">
          <reporter-output>
          </reporter-output>
        </test-method> <!-- Test02_Stress -->
        <test-method signature="Test02_Stress()[pri:0, instance:is.lab01.CamionTest@45385f75]" started-at="2021-09-15T12:19:11 PET" name="Test02_Stress" finished-at="2021-09-15T12:19:11 PET" duration-ms="1" status="PASS">
          <reporter-output>
          </reporter-output>
        </test-method> <!-- Test02_Stress -->
        <test-method signature="Test02_Stress()[pri:0, instance:is.lab01.CamionTest@45385f75]" started-at="2021-09-15T12:19:11 PET" name="Test02_Stress" finished-at="2021-09-15T12:19:11 PET" duration-ms="1" status="PASS">
          <reporter-output>
          </reporter-output>
        </test-method> <!-- Test02_Stress -->
        <test-method signature="Test02_Stress()[pri:0, instance:is.lab01.CamionTest@45385f75]" started-at="2021-09-15T12:19:11 PET" name="Test02_Stress" finished-at="2021-09-15T12:19:11 PET" duration-ms="1" status="PASS">
          <reporter-output>
          </reporter-output>
        </test-method> <!-- Test02_Stress -->
        <test-method signature="Test02_Stress()[pri:0, instance:is.lab01.CamionTest@45385f75]" started-at="2021-09-15T12:19:11 PET" name="Test02_Stress" finished-at="2021-09-15T12:19:11 PET" duration-ms="0" status="PASS">
          <reporter-output>
          </reporter-output>
        </test-method> <!-- Test02_Stress -->
        <test-method signature="Test02_Stress()[pri:0, instance:is.lab01.CamionTest@45385f75]" started-at="2021-09-15T12:19:11 PET" name="Test02_Stress" finished-at="2021-09-15T12:19:11 PET" duration-ms="1" status="PASS">
          <reporter-output>
          </reporter-output>
        </test-method> <!-- Test02_Stress -->
        <test-method signature="Test02_Stress()[pri:0, instance:is.lab01.CamionTest@45385f75]" started-at="2021-09-15T12:19:11 PET" name="Test02_Stress" finished-at="2021-09-15T12:19:11 PET" duration-ms="1" status="PASS">
          <reporter-output>
          </reporter-output>
        </test-method> <!-- Test02_Stress -->
        <test-method signature="Test02_Stress()[pri:0, instance:is.lab01.CamionTest@45385f75]" started-at="2021-09-15T12:19:11 PET" name="Test02_Stress" finished-at="2021-09-15T12:19:11 PET" duration-ms="0" status="PASS">
          <reporter-output>
          </reporter-output>
        </test-method> <!-- Test02_Stress -->
        <test-method signature="Test02_Stress()[pri:0, instance:is.lab01.CamionTest@45385f75]" started-at="2021-09-15T12:19:11 PET" name="Test02_Stress" finished-at="2021-09-15T12:19:11 PET" duration-ms="1" status="PASS">
          <reporter-output>
          </reporter-output>
        </test-method> <!-- Test02_Stress -->
        <test-method signature="Test02_Stress()[pri:0, instance:is.lab01.CamionTest@45385f75]" started-at="2021-09-15T12:19:11 PET" name="Test02_Stress" finished-at="2021-09-15T12:19:11 PET" duration-ms="1" status="PASS">
          <reporter-output>
          </reporter-output>
        </test-method> <!-- Test02_Stress -->
        <test-method signature="Test02_Stress()[pri:0, instance:is.lab01.CamionTest@45385f75]" started-at="2021-09-15T12:19:11 PET" name="Test02_Stress" finished-at="2021-09-15T12:19:11 PET" duration-ms="0" status="PASS">
          <reporter-output>
          </reporter-output>
        </test-method> <!-- Test02_Stress -->
        <test-method signature="Test02_Stress()[pri:0, instance:is.lab01.CamionTest@45385f75]" started-at="2021-09-15T12:19:11 PET" name="Test02_Stress" finished-at="2021-09-15T12:19:11 PET" duration-ms="4" status="PASS">
          <reporter-output>
          </reporter-output>
        </test-method> <!-- Test02_Stress -->
        <test-method signature="Test02_Stress()[pri:0, instance:is.lab01.CamionTest@45385f75]" started-at="2021-09-15T12:19:11 PET" name="Test02_Stress" finished-at="2021-09-15T12:19:11 PET" duration-ms="0" status="PASS">
          <reporter-output>
          </reporter-output>
        </test-method> <!-- Test02_Stress -->
        <test-method signature="Test02_Stress()[pri:0, instance:is.lab01.CamionTest@45385f75]" started-at="2021-09-15T12:19:11 PET" name="Test02_Stress" finished-at="2021-09-15T12:19:11 PET" duration-ms="0" status="PASS">
          <reporter-output>
          </reporter-output>
        </test-method> <!-- Test02_Stress -->
        <test-method signature="Test02_Stress()[pri:0, instance:is.lab01.CamionTest@45385f75]" started-at="2021-09-15T12:19:11 PET" name="Test02_Stress" finished-at="2021-09-15T12:19:11 PET" duration-ms="2" status="PASS">
          <reporter-output>
          </reporter-output>
        </test-method> <!-- Test02_Stress -->
        <test-method signature="Test02_Stress()[pri:0, instance:is.lab01.CamionTest@45385f75]" started-at="2021-09-15T12:19:11 PET" name="Test02_Stress" finished-at="2021-09-15T12:19:11 PET" duration-ms="0" status="PASS">
          <reporter-output>
          </reporter-output>
        </test-method> <!-- Test02_Stress -->
        <test-method signature="Test02_Stress()[pri:0, instance:is.lab01.CamionTest@45385f75]" started-at="2021-09-15T12:19:11 PET" name="Test02_Stress" finished-at="2021-09-15T12:19:11 PET" duration-ms="1" status="PASS">
          <reporter-output>
          </reporter-output>
        </test-method> <!-- Test02_Stress -->
        <test-method signature="Test02_Stress()[pri:0, instance:is.lab01.CamionTest@45385f75]" started-at="2021-09-15T12:19:11 PET" name="Test02_Stress" finished-at="2021-09-15T12:19:11 PET" duration-ms="1" status="PASS">
          <reporter-output>
          </reporter-output>
        </test-method> <!-- Test02_Stress -->
        <test-method signature="Test02_Stress()[pri:0, instance:is.lab01.CamionTest@45385f75]" started-at="2021-09-15T12:19:11 PET" name="Test02_Stress" finished-at="2021-09-15T12:19:11 PET" duration-ms="1" status="PASS">
          <reporter-output>
          </reporter-output>
        </test-method> <!-- Test02_Stress -->
        <test-method signature="Test02_Stress()[pri:0, instance:is.lab01.CamionTest@45385f75]" started-at="2021-09-15T12:19:11 PET" name="Test02_Stress" finished-at="2021-09-15T12:19:11 PET" duration-ms="0" status="PASS">
          <reporter-output>
          </reporter-output>
        </test-method> <!-- Test02_Stress -->
        <test-method signature="Test02_Stress()[pri:0, instance:is.lab01.CamionTest@45385f75]" started-at="2021-09-15T12:19:11 PET" name="Test02_Stress" finished-at="2021-09-15T12:19:11 PET" duration-ms="0" status="PASS">
          <reporter-output>
          </reporter-output>
        </test-method> <!-- Test02_Stress -->
        <test-method signature="Test02_Stress()[pri:0, instance:is.lab01.CamionTest@45385f75]" started-at="2021-09-15T12:19:11 PET" name="Test02_Stress" finished-at="2021-09-15T12:19:11 PET" duration-ms="0" status="PASS">
          <reporter-output>
          </reporter-output>
        </test-method> <!-- Test02_Stress -->
        <test-method signature="Test02_Stress()[pri:0, instance:is.lab01.CamionTest@45385f75]" started-at="2021-09-15T12:19:11 PET" name="Test02_Stress" finished-at="2021-09-15T12:19:11 PET" duration-ms="1" status="PASS">
          <reporter-output>
          </reporter-output>
        </test-method> <!-- Test02_Stress -->
        <test-method signature="Test02_Stress()[pri:0, instance:is.lab01.CamionTest@45385f75]" started-at="2021-09-15T12:19:11 PET" name="Test02_Stress" finished-at="2021-09-15T12:19:11 PET" duration-ms="0" status="PASS">
          <reporter-output>
          </reporter-output>
        </test-method> <!-- Test02_Stress -->
        <test-method signature="Test02_Stress()[pri:0, instance:is.lab01.CamionTest@45385f75]" started-at="2021-09-15T12:19:11 PET" name="Test02_Stress" finished-at="2021-09-15T12:19:11 PET" duration-ms="0" status="PASS">
          <reporter-output>
          </reporter-output>
        </test-method> <!-- Test02_Stress -->
        <test-method signature="Test02_Stress()[pri:0, instance:is.lab01.CamionTest@45385f75]" started-at="2021-09-15T12:19:11 PET" name="Test02_Stress" finished-at="2021-09-15T12:19:11 PET" duration-ms="0" status="PASS">
          <reporter-output>
          </reporter-output>
        </test-method> <!-- Test02_Stress -->
        <test-method signature="Test02_Stress()[pri:0, instance:is.lab01.CamionTest@45385f75]" started-at="2021-09-15T12:19:11 PET" name="Test02_Stress" finished-at="2021-09-15T12:19:11 PET" duration-ms="0" status="PASS">
          <reporter-output>
          </reporter-output>
        </test-method> <!-- Test02_Stress -->
        <test-method signature="Test02_Stress()[pri:0, instance:is.lab01.CamionTest@45385f75]" started-at="2021-09-15T12:19:11 PET" name="Test02_Stress" finished-at="2021-09-15T12:19:11 PET" duration-ms="0" status="PASS">
          <reporter-output>
          </reporter-output>
        </test-method> <!-- Test02_Stress -->
        <test-method signature="Test02_Stress()[pri:0, instance:is.lab01.CamionTest@45385f75]" started-at="2021-09-15T12:19:11 PET" name="Test02_Stress" finished-at="2021-09-15T12:19:11 PET" duration-ms="0" status="PASS">
          <reporter-output>
          </reporter-output>
        </test-method> <!-- Test02_Stress -->
        <test-method signature="Test02_Stress()[pri:0, instance:is.lab01.CamionTest@45385f75]" started-at="2021-09-15T12:19:11 PET" name="Test02_Stress" finished-at="2021-09-15T12:19:11 PET" duration-ms="1" status="PASS">
          <reporter-output>
          </reporter-output>
        </test-method> <!-- Test02_Stress -->
        <test-method signature="Test02_Stress()[pri:0, instance:is.lab01.CamionTest@45385f75]" started-at="2021-09-15T12:19:11 PET" name="Test02_Stress" finished-at="2021-09-15T12:19:11 PET" duration-ms="0" status="PASS">
          <reporter-output>
          </reporter-output>
        </test-method> <!-- Test02_Stress -->
        <test-method signature="Test02_Stress()[pri:0, instance:is.lab01.CamionTest@45385f75]" started-at="2021-09-15T12:19:11 PET" name="Test02_Stress" finished-at="2021-09-15T12:19:11 PET" duration-ms="0" status="PASS">
          <reporter-output>
          </reporter-output>
        </test-method> <!-- Test02_Stress -->
        <test-method signature="Test02_Stress()[pri:0, instance:is.lab01.CamionTest@45385f75]" started-at="2021-09-15T12:19:11 PET" name="Test02_Stress" finished-at="2021-09-15T12:19:11 PET" duration-ms="1" status="PASS">
          <reporter-output>
          </reporter-output>
        </test-method> <!-- Test02_Stress -->
        <test-method signature="Test02_Stress()[pri:0, instance:is.lab01.CamionTest@45385f75]" started-at="2021-09-15T12:19:11 PET" name="Test02_Stress" finished-at="2021-09-15T12:19:11 PET" duration-ms="1" status="PASS">
          <reporter-output>
          </reporter-output>
        </test-method> <!-- Test02_Stress -->
        <test-method signature="Test02_Stress()[pri:0, instance:is.lab01.CamionTest@45385f75]" started-at="2021-09-15T12:19:11 PET" name="Test02_Stress" finished-at="2021-09-15T12:19:11 PET" duration-ms="0" status="PASS">
          <reporter-output>
          </reporter-output>
        </test-method> <!-- Test02_Stress -->
        <test-method signature="Test02_Stress()[pri:0, instance:is.lab01.CamionTest@45385f75]" started-at="2021-09-15T12:19:11 PET" name="Test02_Stress" finished-at="2021-09-15T12:19:11 PET" duration-ms="0" status="PASS">
          <reporter-output>
          </reporter-output>
        </test-method> <!-- Test02_Stress -->
        <test-method signature="Test02_Stress()[pri:0, instance:is.lab01.CamionTest@45385f75]" started-at="2021-09-15T12:19:11 PET" name="Test02_Stress" finished-at="2021-09-15T12:19:11 PET" duration-ms="0" status="PASS">
          <reporter-output>
          </reporter-output>
        </test-method> <!-- Test02_Stress -->
        <test-method signature="Test02_Stress()[pri:0, instance:is.lab01.CamionTest@45385f75]" started-at="2021-09-15T12:19:11 PET" name="Test02_Stress" finished-at="2021-09-15T12:19:11 PET" duration-ms="0" status="PASS">
          <reporter-output>
          </reporter-output>
        </test-method> <!-- Test02_Stress -->
        <test-method signature="Test02_Stress()[pri:0, instance:is.lab01.CamionTest@45385f75]" started-at="2021-09-15T12:19:11 PET" name="Test02_Stress" finished-at="2021-09-15T12:19:11 PET" duration-ms="1" status="PASS">
          <reporter-output>
          </reporter-output>
        </test-method> <!-- Test02_Stress -->
        <test-method signature="Test02_Stress()[pri:0, instance:is.lab01.CamionTest@45385f75]" started-at="2021-09-15T12:19:11 PET" name="Test02_Stress" finished-at="2021-09-15T12:19:11 PET" duration-ms="0" status="PASS">
          <reporter-output>
          </reporter-output>
        </test-method> <!-- Test02_Stress -->
        <test-method signature="Test02_Stress()[pri:0, instance:is.lab01.CamionTest@45385f75]" started-at="2021-09-15T12:19:11 PET" name="Test02_Stress" finished-at="2021-09-15T12:19:11 PET" duration-ms="0" status="PASS">
          <reporter-output>
          </reporter-output>
        </test-method> <!-- Test02_Stress -->
        <test-method signature="Test02_Stress()[pri:0, instance:is.lab01.CamionTest@45385f75]" started-at="2021-09-15T12:19:11 PET" name="Test02_Stress" finished-at="2021-09-15T12:19:11 PET" duration-ms="1" status="PASS">
          <reporter-output>
          </reporter-output>
        </test-method> <!-- Test02_Stress -->
        <test-method signature="Test02_Stress()[pri:0, instance:is.lab01.CamionTest@45385f75]" started-at="2021-09-15T12:19:11 PET" name="Test02_Stress" finished-at="2021-09-15T12:19:11 PET" duration-ms="0" status="PASS">
          <reporter-output>
          </reporter-output>
        </test-method> <!-- Test02_Stress -->
        <test-method signature="Test02_Stress()[pri:0, instance:is.lab01.CamionTest@45385f75]" started-at="2021-09-15T12:19:11 PET" name="Test02_Stress" finished-at="2021-09-15T12:19:11 PET" duration-ms="1" status="PASS">
          <reporter-output>
          </reporter-output>
        </test-method> <!-- Test02_Stress -->
        <test-method signature="Test02_Stress()[pri:0, instance:is.lab01.CamionTest@45385f75]" started-at="2021-09-15T12:19:11 PET" name="Test02_Stress" finished-at="2021-09-15T12:19:11 PET" duration-ms="1" status="PASS">
          <reporter-output>
          </reporter-output>
        </test-method> <!-- Test02_Stress -->
        <test-method signature="Test02_Stress()[pri:0, instance:is.lab01.CamionTest@45385f75]" started-at="2021-09-15T12:19:11 PET" name="Test02_Stress" finished-at="2021-09-15T12:19:11 PET" duration-ms="0" status="PASS">
          <reporter-output>
          </reporter-output>
        </test-method> <!-- Test02_Stress -->
        <test-method signature="Test02_Stress()[pri:0, instance:is.lab01.CamionTest@45385f75]" started-at="2021-09-15T12:19:11 PET" name="Test02_Stress" finished-at="2021-09-15T12:19:11 PET" duration-ms="0" status="PASS">
          <reporter-output>
          </reporter-output>
        </test-method> <!-- Test02_Stress -->
        <test-method signature="Test02_Stress()[pri:0, instance:is.lab01.CamionTest@45385f75]" started-at="2021-09-15T12:19:11 PET" name="Test02_Stress" finished-at="2021-09-15T12:19:11 PET" duration-ms="1" status="PASS">
          <reporter-output>
          </reporter-output>
        </test-method> <!-- Test02_Stress -->
        <test-method signature="Test02_Stress()[pri:0, instance:is.lab01.CamionTest@45385f75]" started-at="2021-09-15T12:19:11 PET" name="Test02_Stress" finished-at="2021-09-15T12:19:11 PET" duration-ms="0" status="PASS">
          <reporter-output>
          </reporter-output>
        </test-method> <!-- Test02_Stress -->
        <test-method signature="Test02_Stress()[pri:0, instance:is.lab01.CamionTest@45385f75]" started-at="2021-09-15T12:19:11 PET" name="Test02_Stress" finished-at="2021-09-15T12:19:11 PET" duration-ms="0" status="PASS">
          <reporter-output>
          </reporter-output>
        </test-method> <!-- Test02_Stress -->
        <test-method signature="Test02_Stress()[pri:0, instance:is.lab01.CamionTest@45385f75]" started-at="2021-09-15T12:19:11 PET" name="Test02_Stress" finished-at="2021-09-15T12:19:11 PET" duration-ms="1" status="PASS">
          <reporter-output>
          </reporter-output>
        </test-method> <!-- Test02_Stress -->
        <test-method signature="Test02_Stress()[pri:0, instance:is.lab01.CamionTest@45385f75]" started-at="2021-09-15T12:19:11 PET" name="Test02_Stress" finished-at="2021-09-15T12:19:11 PET" duration-ms="0" status="PASS">
          <reporter-output>
          </reporter-output>
        </test-method> <!-- Test02_Stress -->
        <test-method signature="Test02_Stress()[pri:0, instance:is.lab01.CamionTest@45385f75]" started-at="2021-09-15T12:19:11 PET" name="Test02_Stress" finished-at="2021-09-15T12:19:11 PET" duration-ms="0" status="PASS">
          <reporter-output>
          </reporter-output>
        </test-method> <!-- Test02_Stress -->
        <test-method signature="Test02_Stress()[pri:0, instance:is.lab01.CamionTest@45385f75]" started-at="2021-09-15T12:19:11 PET" name="Test02_Stress" finished-at="2021-09-15T12:19:11 PET" duration-ms="0" status="PASS">
          <reporter-output>
          </reporter-output>
        </test-method> <!-- Test02_Stress -->
        <test-method signature="Test02_Stress()[pri:0, instance:is.lab01.CamionTest@45385f75]" started-at="2021-09-15T12:19:11 PET" name="Test02_Stress" finished-at="2021-09-15T12:19:11 PET" duration-ms="1" status="PASS">
          <reporter-output>
          </reporter-output>
        </test-method> <!-- Test02_Stress -->
        <test-method signature="Test02_Stress()[pri:0, instance:is.lab01.CamionTest@45385f75]" started-at="2021-09-15T12:19:11 PET" name="Test02_Stress" finished-at="2021-09-15T12:19:11 PET" duration-ms="0" status="PASS">
          <reporter-output>
          </reporter-output>
        </test-method> <!-- Test02_Stress -->
        <test-method signature="Test02_Stress()[pri:0, instance:is.lab01.CamionTest@45385f75]" started-at="2021-09-15T12:19:11 PET" name="Test02_Stress" finished-at="2021-09-15T12:19:11 PET" duration-ms="0" status="PASS">
          <reporter-output>
          </reporter-output>
        </test-method> <!-- Test02_Stress -->
        <test-method signature="Test02_Stress()[pri:0, instance:is.lab01.CamionTest@45385f75]" started-at="2021-09-15T12:19:11 PET" name="Test02_Stress" finished-at="2021-09-15T12:19:11 PET" duration-ms="1" status="PASS">
          <reporter-output>
          </reporter-output>
        </test-method> <!-- Test02_Stress -->
        <test-method signature="Test02_Stress()[pri:0, instance:is.lab01.CamionTest@45385f75]" started-at="2021-09-15T12:19:11 PET" name="Test02_Stress" finished-at="2021-09-15T12:19:11 PET" duration-ms="0" status="PASS">
          <reporter-output>
          </reporter-output>
        </test-method> <!-- Test02_Stress -->
        <test-method signature="Test02_Stress()[pri:0, instance:is.lab01.CamionTest@45385f75]" started-at="2021-09-15T12:19:11 PET" name="Test02_Stress" finished-at="2021-09-15T12:19:11 PET" duration-ms="0" status="PASS">
          <reporter-output>
          </reporter-output>
        </test-method> <!-- Test02_Stress -->
        <test-method signature="Test02_Stress()[pri:0, instance:is.lab01.CamionTest@45385f75]" started-at="2021-09-15T12:19:11 PET" name="Test02_Stress" finished-at="2021-09-15T12:19:11 PET" duration-ms="1" status="PASS">
          <reporter-output>
          </reporter-output>
        </test-method> <!-- Test02_Stress -->
        <test-method signature="Test02_Stress()[pri:0, instance:is.lab01.CamionTest@45385f75]" started-at="2021-09-15T12:19:11 PET" name="Test02_Stress" finished-at="2021-09-15T12:19:11 PET" duration-ms="2" status="PASS">
          <reporter-output>
          </reporter-output>
        </test-method> <!-- Test02_Stress -->
        <test-method signature="Test02_Stress()[pri:0, instance:is.lab01.CamionTest@45385f75]" started-at="2021-09-15T12:19:11 PET" name="Test02_Stress" finished-at="2021-09-15T12:19:11 PET" duration-ms="1" status="PASS">
          <reporter-output>
          </reporter-output>
        </test-method> <!-- Test02_Stress -->
        <test-method signature="Test02_Stress()[pri:0, instance:is.lab01.CamionTest@45385f75]" started-at="2021-09-15T12:19:11 PET" name="Test02_Stress" finished-at="2021-09-15T12:19:11 PET" duration-ms="3" status="PASS">
          <reporter-output>
          </reporter-output>
        </test-method> <!-- Test02_Stress -->
        <test-method signature="Test02_Stress()[pri:0, instance:is.lab01.CamionTest@45385f75]" started-at="2021-09-15T12:19:11 PET" name="Test02_Stress" finished-at="2021-09-15T12:19:11 PET" duration-ms="0" status="PASS">
          <reporter-output>
          </reporter-output>
        </test-method> <!-- Test02_Stress -->
        <test-method signature="Test02_Stress()[pri:0, instance:is.lab01.CamionTest@45385f75]" started-at="2021-09-15T12:19:11 PET" name="Test02_Stress" finished-at="2021-09-15T12:19:11 PET" duration-ms="1" status="PASS">
          <reporter-output>
          </reporter-output>
        </test-method> <!-- Test02_Stress -->
        <test-method signature="Test02_Stress()[pri:0, instance:is.lab01.CamionTest@45385f75]" started-at="2021-09-15T12:19:11 PET" name="Test02_Stress" finished-at="2021-09-15T12:19:11 PET" duration-ms="0" status="PASS">
          <reporter-output>
          </reporter-output>
        </test-method> <!-- Test02_Stress -->
        <test-method signature="Test02_Stress()[pri:0, instance:is.lab01.CamionTest@45385f75]" started-at="2021-09-15T12:19:11 PET" name="Test02_Stress" finished-at="2021-09-15T12:19:11 PET" duration-ms="1" status="PASS">
          <reporter-output>
          </reporter-output>
        </test-method> <!-- Test02_Stress -->
        <test-method signature="Test02_Stress()[pri:0, instance:is.lab01.CamionTest@45385f75]" started-at="2021-09-15T12:19:11 PET" name="Test02_Stress" finished-at="2021-09-15T12:19:11 PET" duration-ms="1" status="PASS">
          <reporter-output>
          </reporter-output>
        </test-method> <!-- Test02_Stress -->
        <test-method signature="Test02_Stress()[pri:0, instance:is.lab01.CamionTest@45385f75]" started-at="2021-09-15T12:19:11 PET" name="Test02_Stress" finished-at="2021-09-15T12:19:11 PET" duration-ms="0" status="PASS">
          <reporter-output>
          </reporter-output>
        </test-method> <!-- Test02_Stress -->
        <test-method signature="Test02_Stress()[pri:0, instance:is.lab01.CamionTest@45385f75]" started-at="2021-09-15T12:19:11 PET" name="Test02_Stress" finished-at="2021-09-15T12:19:11 PET" duration-ms="1" status="PASS">
          <reporter-output>
          </reporter-output>
        </test-method> <!-- Test02_Stress -->
        <test-method signature="Test02_Stress()[pri:0, instance:is.lab01.CamionTest@45385f75]" started-at="2021-09-15T12:19:11 PET" name="Test02_Stress" finished-at="2021-09-15T12:19:11 PET" duration-ms="0" status="PASS">
          <reporter-output>
          </reporter-output>
        </test-method> <!-- Test02_Stress -->
        <test-method signature="Test02_Stress()[pri:0, instance:is.lab01.CamionTest@45385f75]" started-at="2021-09-15T12:19:11 PET" name="Test02_Stress" finished-at="2021-09-15T12:19:11 PET" duration-ms="0" status="PASS">
          <reporter-output>
          </reporter-output>
        </test-method> <!-- Test02_Stress -->
        <test-method signature="Test02_Stress()[pri:0, instance:is.lab01.CamionTest@45385f75]" started-at="2021-09-15T12:19:11 PET" name="Test02_Stress" finished-at="2021-09-15T12:19:11 PET" duration-ms="0" status="PASS">
          <reporter-output>
          </reporter-output>
        </test-method> <!-- Test02_Stress -->
        <test-method signature="Test02_Stress()[pri:0, instance:is.lab01.CamionTest@45385f75]" started-at="2021-09-15T12:19:11 PET" name="Test02_Stress" finished-at="2021-09-15T12:19:11 PET" duration-ms="0" status="PASS">
          <reporter-output>
          </reporter-output>
        </test-method> <!-- Test02_Stress -->
        <test-method signature="Test02_Stress()[pri:0, instance:is.lab01.CamionTest@45385f75]" started-at="2021-09-15T12:19:11 PET" name="Test02_Stress" finished-at="2021-09-15T12:19:11 PET" duration-ms="1" status="PASS">
          <reporter-output>
          </reporter-output>
        </test-method> <!-- Test02_Stress -->
        <test-method signature="Test02_Stress()[pri:0, instance:is.lab01.CamionTest@45385f75]" started-at="2021-09-15T12:19:11 PET" name="Test02_Stress" finished-at="2021-09-15T12:19:11 PET" duration-ms="0" status="PASS">
          <reporter-output>
          </reporter-output>
        </test-method> <!-- Test02_Stress -->
        <test-method signature="Test02_Stress()[pri:0, instance:is.lab01.CamionTest@45385f75]" started-at="2021-09-15T12:19:11 PET" name="Test02_Stress" finished-at="2021-09-15T12:19:11 PET" duration-ms="0" status="PASS">
          <reporter-output>
          </reporter-output>
        </test-method> <!-- Test02_Stress -->
        <test-method signature="Test02_Stress()[pri:0, instance:is.lab01.CamionTest@45385f75]" started-at="2021-09-15T12:19:11 PET" name="Test02_Stress" finished-at="2021-09-15T12:19:11 PET" duration-ms="1" status="PASS">
          <reporter-output>
          </reporter-output>
        </test-method> <!-- Test02_Stress -->
        <test-method signature="Test02_Stress()[pri:0, instance:is.lab01.CamionTest@45385f75]" started-at="2021-09-15T12:19:11 PET" name="Test02_Stress" finished-at="2021-09-15T12:19:11 PET" duration-ms="0" status="PASS">
          <reporter-output>
          </reporter-output>
        </test-method> <!-- Test02_Stress -->
      </class> <!-- is.lab01.CamionTest -->
    </test> <!-- Command line test -->
  </suite> <!-- Command line suite -->
</testng-results>
