<?xml version="1.0" encoding="UTF-8"?>
<testng-results ignored="0" total="1" passed="1" failed="0" skipped="0">
  <reporter-output>
  </reporter-output>
  <suite started-at="2021-09-13T11:25:40 PET" name="is.lab01.EjemploVehiculoTest" finished-at="2021-09-13T11:25:41 PET" duration-ms="171">
    <groups>
    </groups>
    <test started-at="2021-09-13T11:25:40 PET" name="Command line test" finished-at="2021-09-13T11:25:41 PET" duration-ms="171">
      <class name="is.lab01.EjemploVehiculoTest">
        <test-method signature="Test01()[pri:0, instance:is.lab01.EjemploVehiculoTest@41330d4f]" started-at="2021-09-13T11:25:41 PET" name="Test01" finished-at="2021-09-13T11:25:41 PET" duration-ms="52" status="PASS">
          <reporter-output>
          </reporter-output>
        </test-method> <!-- Test01 -->
      </class> <!-- is.lab01.EjemploVehiculoTest -->
    </test> <!-- Command line test -->
  </suite> <!-- is.lab01.EjemploVehiculoTest -->
</testng-results>
